Remove Pin=LED1-2 From Net=PB1/LED
Remove Pin=P1-2 From Net=PA13/SWDIO
Remove Pin=P1-3 From Net=PA14/SWCLK
Remove Pin=P2-3 From Net=CAN1_H/USART1_TX
Remove Pin=P2-4 From Net=CAN1_L/USART1_RX
Remove Pin=R10-1 From Net=PA2/HEATER
Remove Pin=R15-2 From Net=CAN1_H/USART1_TX
Remove Pin=S2-1 From Net=PA9/CAN_RX/USART1_TX
Remove Pin=S2-2 From Net=PA10/CAN_TX/USART1_RX
Remove Pin=S2-4 From Net=CAN1_H/USART1_TX
Remove Pin=S3-2 From Net=CAN1_L/USART1_RX
Remove Pin=U1A-8 From Net=PA2/HEATER
Remove Pin=U1A-9 From Net=PA3/CS_ICM
Remove Pin=U1A-11 From Net=PA5/SCLK
Remove Pin=U1A-12 From Net=PA6/MISO
Remove Pin=U1A-13 From Net=PA7/MOSI
Remove Pin=U1A-14 From Net=PB1/LED
Remove Pin=U1A-17 From Net=PA9/CAN_RX/USART1_TX
Remove Pin=U1A-18 From Net=PA10/CAN_TX/USART1_RX
Remove Pin=U1A-19 From Net=PA13/SWDIO
Remove Pin=U1A-20 From Net=PA14/SWCLK
Remove Pin=U2-2 From Net=PA5/SCLK
Remove Pin=U2-3 From Net=PA7/MOSI
Remove Pin=U2-4 From Net=PA6/MISO
Remove Pin=U2-5 From Net=PA3/CS_ICM
Remove Pin=U5-1 From Net=PA10/CAN_TX/USART1_RX
Remove Pin=U5-4 From Net=PA9/CAN_RX/USART1_TX
Remove Pin=U5-6 From Net=CAN1_L/USART1_RX
Remove Pin=U5-7 From Net=CAN1_H/USART1_TX
