Removed Pin From Net: NetName=PA10/CAN_TX/USART1_RX Pin=S2-3
Removed Pin From Net: NetName=PA9/CAN_RX/USART1_TX Pin=S2-4
Added Component: Designator=C16(0603C)
Add component (AddParameter): Name = "LatestRevisionDate"; Value = "17-Jul-2002"; VariantName = "[No Variations]"
Add component (AddParameter): Name = "LatestRevisionNote"; Value = "Re-released for DXP Platform."; VariantName = "[No Variations]"
Add component (AddParameter): Name = "PackageDescription"; Value = "Radial Cap, Thru-Hole; 2 Leads; 0.3 in Pin Spacing"; VariantName = "[No Variations]"
Add component (AddParameter): Name = "PackageReference"; Value = "RAD-0.3"; VariantName = "[No Variations]"
Add component (AddParameter): Name = "Published"; Value = "8-Jun-2000"; VariantName = "[No Variations]"
Add component (AddParameter): Name = "Publisher"; Value = "Altium Limited"; VariantName = "[No Variations]"
Add component (AddParameter): Name = "Value"; Value = "100pF"; VariantName = "[No Variations]"
Added Component: Designator=P2(HY2.00MM 4X1Á¢Ê½)
Added Component: Designator=R14(0603R)
Added Component: Designator=R15(0603R)
Added Component: Designator=S3(MSK-12C01-07)
Added Component: Designator=U5(SOT-23-8)
Added Pin To Net: NetName=GND Pin=C16-1
Added Pin To Net: NetName=3V3 Pin=C16-2
Added Pin To Net: NetName=PA9/CAN_RX/USART1_TX Pin=S2-1
Added Pin To Net: NetName=PA10/CAN_TX/USART1_RX Pin=S2-2
Added Pin To Net: NetName=CAN1_H/USART1_TX Pin=S2-4
Added Net: Name=CAN1_H/USART1_TX
Added Pin To Net: NetName=CAN1_L/USART1_RX Pin=S2-3
Added Net: Name=CAN1_L/USART1_RX
Added Net: Name=NetR15_1
Added Member To Class: ClassName=imu Member=Component C16 100nf
Added Room: Name=imu
