Added Component: Designator=LED1(0603LED_R)
Add component (AddParameter): Name = "LatestRevisionDate"; Value = "17-Jul-2002"; VariantName = "[No Variations]"
Add component (AddParameter): Name = "LatestRevisionNote"; Value = "Re-released for DXP Platform."; VariantName = "[No Variations]"
Add component (AddParameter): Name = "PackageDescription"; Value = "SM LED; 2 Flat Leads"; VariantName = "[No Variations]"
Add component (AddParameter): Name = "PackageReference"; Value = "3.2X1.6X1.1"; VariantName = "[No Variations]"
Add component (AddParameter): Name = "PackageVersion"; Value = "Feb-2002"; VariantName = "[No Variations]"
Add component (AddParameter): Name = "Published"; Value = "8-Jun-2000"; VariantName = "[No Variations]"
Add component (AddParameter): Name = "Publisher"; Value = "Altium Limited"; VariantName = "[No Variations]"
Added Component: Designator=LED2(0603LED_R)
Add component (AddParameter): Name = "LatestRevisionDate"; Value = "17-Jul-2002"; VariantName = "[No Variations]"
Add component (AddParameter): Name = "LatestRevisionNote"; Value = "Re-released for DXP Platform."; VariantName = "[No Variations]"
Add component (AddParameter): Name = "PackageDescription"; Value = "SM LED; 2 Flat Leads"; VariantName = "[No Variations]"
Add component (AddParameter): Name = "PackageReference"; Value = "3.2X1.6X1.1"; VariantName = "[No Variations]"
Add component (AddParameter): Name = "PackageVersion"; Value = "Feb-2002"; VariantName = "[No Variations]"
Add component (AddParameter): Name = "Published"; Value = "8-Jun-2000"; VariantName = "[No Variations]"
Add component (AddParameter): Name = "Publisher"; Value = "Altium Limited"; VariantName = "[No Variations]"
Added Component: Designator=P1(A1.25WF-4P)
Added Component: Designator=Q1(SOT-23-3)
Add component (AddParameter): Name = "ComponentLink1Description"; Value = "Manufacturer Link"; VariantName = "[No Variations]"
Add component (AddParameter): Name = "ComponentLink1URL"; Value = "http://www.irf.com/"; VariantName = "[No Variations]"
Add component (AddParameter): Name = "DatasheetVersion"; Value = "PD-9.814"; VariantName = "[No Variations]"
Add component (AddParameter): Name = "LatestRevisionDate"; Value = "17-Jul-2002"; VariantName = "[No Variations]"
Add component (AddParameter): Name = "LatestRevisionNote"; Value = "Re-released for DXP Platform."; VariantName = "[No Variations]"
Add component (AddParameter): Name = "Note"; Value = "Pin 2 is electrically connected to pin 4."; VariantName = "[No Variations]"
Add component (AddParameter): Name = "PackageDescription"; Value = "TO, Thru-Hole, Vertical, Heatsink Mounted; 3 In-Line Leads; Pitch 2.54 mm"; VariantName = "[No Variations]"
Add component (AddParameter): Name = "PackageReference"; Value = "TO-220AB"; VariantName = "[No Variations]"
Add component (AddParameter): Name = "PackageVersion"; Value = "Feb-1997"; VariantName = "[No Variations]"
Add component (AddParameter): Name = "Published"; Value = "8-Jun-2000"; VariantName = "[No Variations]"
Add component (AddParameter): Name = "Publisher"; Value = "Altium Limited"; VariantName = "[No Variations]"
Added Component: Designator=R1(0603R)
Add component (AddParameter): Name = "LatestRevisionDate"; Value = "17-Jul-2002"; VariantName = "[No Variations]"
Add component (AddParameter): Name = "LatestRevisionNote"; Value = "Re-released for DXP Platform."; VariantName = "[No Variations]"
Add component (AddParameter): Name = "PackageDescription"; Value = "Axial Device, Thru-Hole; 2 Leads; 0.3 in Pin Spacing"; VariantName = "[No Variations]"
Add component (AddParameter): Name = "PackageReference"; Value = "AXIAL-0.3"; VariantName = "[No Variations]"
Add component (AddParameter): Name = "Published"; Value = "8-Jun-2000"; VariantName = "[No Variations]"
Add component (AddParameter): Name = "Publisher"; Value = "Altium Limited"; VariantName = "[No Variations]"
Add component (AddParameter): Name = "Value"; Value = "1K"; VariantName = "[No Variations]"
Added Component: Designator=R2(0603R)
Add component (AddParameter): Name = "LatestRevisionDate"; Value = "17-Jul-2002"; VariantName = "[No Variations]"
Add component (AddParameter): Name = "LatestRevisionNote"; Value = "Re-released for DXP Platform."; VariantName = "[No Variations]"
Add component (AddParameter): Name = "PackageDescription"; Value = "Axial Device, Thru-Hole; 2 Leads; 0.3 in Pin Spacing"; VariantName = "[No Variations]"
Add component (AddParameter): Name = "PackageReference"; Value = "AXIAL-0.3"; VariantName = "[No Variations]"
Add component (AddParameter): Name = "Published"; Value = "8-Jun-2000"; VariantName = "[No Variations]"
Add component (AddParameter): Name = "Publisher"; Value = "Altium Limited"; VariantName = "[No Variations]"
Add component (AddParameter): Name = "Value"; Value = "1K"; VariantName = "[No Variations]"
Added Component: Designator=R3(0603R)
Add component (AddParameter): Name = "LatestRevisionDate"; Value = "17-Jul-2002"; VariantName = "[No Variations]"
Add component (AddParameter): Name = "LatestRevisionNote"; Value = "Re-released for DXP Platform."; VariantName = "[No Variations]"
Add component (AddParameter): Name = "PackageDescription"; Value = "Axial Device, Thru-Hole; 2 Leads; 0.3 in Pin Spacing"; VariantName = "[No Variations]"
Add component (AddParameter): Name = "PackageReference"; Value = "AXIAL-0.3"; VariantName = "[No Variations]"
Add component (AddParameter): Name = "Published"; Value = "8-Jun-2000"; VariantName = "[No Variations]"
Add component (AddParameter): Name = "Publisher"; Value = "Altium Limited"; VariantName = "[No Variations]"
Add component (AddParameter): Name = "Value"; Value = "1K"; VariantName = "[No Variations]"
Added Component: Designator=R4(0603R)
Add component (AddParameter): Name = "LatestRevisionDate"; Value = "17-Jul-2002"; VariantName = "[No Variations]"
Add component (AddParameter): Name = "LatestRevisionNote"; Value = "Re-released for DXP Platform."; VariantName = "[No Variations]"
Add component (AddParameter): Name = "PackageDescription"; Value = "Axial Device, Thru-Hole; 2 Leads; 0.3 in Pin Spacing"; VariantName = "[No Variations]"
Add component (AddParameter): Name = "PackageReference"; Value = "AXIAL-0.3"; VariantName = "[No Variations]"
Add component (AddParameter): Name = "Published"; Value = "8-Jun-2000"; VariantName = "[No Variations]"
Add component (AddParameter): Name = "Publisher"; Value = "Altium Limited"; VariantName = "[No Variations]"
Add component (AddParameter): Name = "Value"; Value = "1K"; VariantName = "[No Variations]"
Added Component: Designator=R5(0603R)
Add component (AddParameter): Name = "LatestRevisionDate"; Value = "17-Jul-2002"; VariantName = "[No Variations]"
Add component (AddParameter): Name = "LatestRevisionNote"; Value = "Re-released for DXP Platform."; VariantName = "[No Variations]"
Add component (AddParameter): Name = "PackageDescription"; Value = "Axial Device, Thru-Hole; 2 Leads; 0.3 in Pin Spacing"; VariantName = "[No Variations]"
Add component (AddParameter): Name = "PackageReference"; Value = "AXIAL-0.3"; VariantName = "[No Variations]"
Add component (AddParameter): Name = "Published"; Value = "8-Jun-2000"; VariantName = "[No Variations]"
Add component (AddParameter): Name = "Publisher"; Value = "Altium Limited"; VariantName = "[No Variations]"
Add component (AddParameter): Name = "Value"; Value = "1K"; VariantName = "[No Variations]"
Added Component: Designator=R6(0603R)
Add component (AddParameter): Name = "LatestRevisionDate"; Value = "17-Jul-2002"; VariantName = "[No Variations]"
Add component (AddParameter): Name = "LatestRevisionNote"; Value = "Re-released for DXP Platform."; VariantName = "[No Variations]"
Add component (AddParameter): Name = "PackageDescription"; Value = "Axial Device, Thru-Hole; 2 Leads; 0.3 in Pin Spacing"; VariantName = "[No Variations]"
Add component (AddParameter): Name = "PackageReference"; Value = "AXIAL-0.3"; VariantName = "[No Variations]"
Add component (AddParameter): Name = "Published"; Value = "8-Jun-2000"; VariantName = "[No Variations]"
Add component (AddParameter): Name = "Publisher"; Value = "Altium Limited"; VariantName = "[No Variations]"
Add component (AddParameter): Name = "Value"; Value = "1K"; VariantName = "[No Variations]"
Added Component: Designator=R7(0603R)
Add component (AddParameter): Name = "LatestRevisionDate"; Value = "17-Jul-2002"; VariantName = "[No Variations]"
Add component (AddParameter): Name = "LatestRevisionNote"; Value = "Re-released for DXP Platform."; VariantName = "[No Variations]"
Add component (AddParameter): Name = "PackageDescription"; Value = "Axial Device, Thru-Hole; 2 Leads; 0.3 in Pin Spacing"; VariantName = "[No Variations]"
Add component (AddParameter): Name = "PackageReference"; Value = "AXIAL-0.3"; VariantName = "[No Variations]"
Add component (AddParameter): Name = "Published"; Value = "8-Jun-2000"; VariantName = "[No Variations]"
Add component (AddParameter): Name = "Publisher"; Value = "Altium Limited"; VariantName = "[No Variations]"
Add component (AddParameter): Name = "Value"; Value = "1K"; VariantName = "[No Variations]"
Added Component: Designator=R8(0603R)
Add component (AddParameter): Name = "LatestRevisionDate"; Value = "17-Jul-2002"; VariantName = "[No Variations]"
Add component (AddParameter): Name = "LatestRevisionNote"; Value = "Re-released for DXP Platform."; VariantName = "[No Variations]"
Add component (AddParameter): Name = "PackageDescription"; Value = "Axial Device, Thru-Hole; 2 Leads; 0.3 in Pin Spacing"; VariantName = "[No Variations]"
Add component (AddParameter): Name = "PackageReference"; Value = "AXIAL-0.3"; VariantName = "[No Variations]"
Add component (AddParameter): Name = "Published"; Value = "8-Jun-2000"; VariantName = "[No Variations]"
Add component (AddParameter): Name = "Publisher"; Value = "Altium Limited"; VariantName = "[No Variations]"
Add component (AddParameter): Name = "Value"; Value = "1K"; VariantName = "[No Variations]"
Added Component: Designator=R9(0603R)
Add component (AddParameter): Name = "LatestRevisionDate"; Value = "17-Jul-2002"; VariantName = "[No Variations]"
Add component (AddParameter): Name = "LatestRevisionNote"; Value = "Re-released for DXP Platform."; VariantName = "[No Variations]"
Add component (AddParameter): Name = "PackageDescription"; Value = "Axial Device, Thru-Hole; 2 Leads; 0.3 in Pin Spacing"; VariantName = "[No Variations]"
Add component (AddParameter): Name = "PackageReference"; Value = "AXIAL-0.3"; VariantName = "[No Variations]"
Add component (AddParameter): Name = "Published"; Value = "8-Jun-2000"; VariantName = "[No Variations]"
Add component (AddParameter): Name = "Publisher"; Value = "Altium Limited"; VariantName = "[No Variations]"
Add component (AddParameter): Name = "Value"; Value = "1K"; VariantName = "[No Variations]"
Added Component: Designator=R10(0603R)
Add component (AddParameter): Name = "LatestRevisionDate"; Value = "17-Jul-2002"; VariantName = "[No Variations]"
Add component (AddParameter): Name = "LatestRevisionNote"; Value = "Re-released for DXP Platform."; VariantName = "[No Variations]"
Add component (AddParameter): Name = "PackageDescription"; Value = "Axial Device, Thru-Hole; 2 Leads; 0.3 in Pin Spacing"; VariantName = "[No Variations]"
Add component (AddParameter): Name = "PackageReference"; Value = "AXIAL-0.3"; VariantName = "[No Variations]"
Add component (AddParameter): Name = "Published"; Value = "8-Jun-2000"; VariantName = "[No Variations]"
Add component (AddParameter): Name = "Publisher"; Value = "Altium Limited"; VariantName = "[No Variations]"
Add component (AddParameter): Name = "Value"; Value = "1K"; VariantName = "[No Variations]"
Added Component: Designator=R11(0603R)
Add component (AddParameter): Name = "LatestRevisionDate"; Value = "17-Jul-2002"; VariantName = "[No Variations]"
Add component (AddParameter): Name = "LatestRevisionNote"; Value = "Re-released for DXP Platform."; VariantName = "[No Variations]"
Add component (AddParameter): Name = "PackageDescription"; Value = "Axial Device, Thru-Hole; 2 Leads; 0.3 in Pin Spacing"; VariantName = "[No Variations]"
Add component (AddParameter): Name = "PackageReference"; Value = "AXIAL-0.3"; VariantName = "[No Variations]"
Add component (AddParameter): Name = "Published"; Value = "8-Jun-2000"; VariantName = "[No Variations]"
Add component (AddParameter): Name = "Publisher"; Value = "Altium Limited"; VariantName = "[No Variations]"
Add component (AddParameter): Name = "Value"; Value = "1K"; VariantName = "[No Variations]"
Added Component: Designator=R12(0603R)
Add component (AddParameter): Name = "LatestRevisionDate"; Value = "17-Jul-2002"; VariantName = "[No Variations]"
Add component (AddParameter): Name = "LatestRevisionNote"; Value = "Re-released for DXP Platform."; VariantName = "[No Variations]"
Add component (AddParameter): Name = "PackageDescription"; Value = "Axial Device, Thru-Hole; 2 Leads; 0.3 in Pin Spacing"; VariantName = "[No Variations]"
Add component (AddParameter): Name = "PackageReference"; Value = "AXIAL-0.3"; VariantName = "[No Variations]"
Add component (AddParameter): Name = "Published"; Value = "8-Jun-2000"; VariantName = "[No Variations]"
Add component (AddParameter): Name = "Publisher"; Value = "Altium Limited"; VariantName = "[No Variations]"
Add component (AddParameter): Name = "Value"; Value = "1K"; VariantName = "[No Variations]"
Added Component: Designator=R13(0603R)
Add component (AddParameter): Name = "LatestRevisionDate"; Value = "17-Jul-2002"; VariantName = "[No Variations]"
Add component (AddParameter): Name = "LatestRevisionNote"; Value = "Re-released for DXP Platform."; VariantName = "[No Variations]"
Add component (AddParameter): Name = "PackageDescription"; Value = "Axial Device, Thru-Hole; 2 Leads; 0.3 in Pin Spacing"; VariantName = "[No Variations]"
Add component (AddParameter): Name = "PackageReference"; Value = "AXIAL-0.3"; VariantName = "[No Variations]"
Add component (AddParameter): Name = "Published"; Value = "8-Jun-2000"; VariantName = "[No Variations]"
Add component (AddParameter): Name = "Publisher"; Value = "Altium Limited"; VariantName = "[No Variations]"
Add component (AddParameter): Name = "Value"; Value = "1K"; VariantName = "[No Variations]"
Added Component: Designator=S1(SW 3mmx4mm)
Add component (AddParameter): Name = "LatestRevisionDate"; Value = "17-Jul-2002"; VariantName = "[No Variations]"
Add component (AddParameter): Name = "LatestRevisionNote"; Value = "Re-released for DXP Platform."; VariantName = "[No Variations]"
Add component (AddParameter): Name = "PackageDescription"; Value = "Switch; 2 Leads"; VariantName = "[No Variations]"
Add component (AddParameter): Name = "PackageReference"; Value = "SPST-2"; VariantName = "[No Variations]"
Add component (AddParameter): Name = "Published"; Value = "24-Mar-1999"; VariantName = "[No Variations]"
Add component (AddParameter): Name = "Publisher"; Value = "Altium Limited"; VariantName = "[No Variations]"
Added Component: Designator=S2(SW_DIP_2x2)
Added Component: Designator=U1(TSSOP20)
Add component (AddParameter): Name = "Built_By"; Value = "EMA_UL_Team"; VariantName = "[No Variations]"
Add component (AddParameter): Name = "C"; Value = "Copyright (C) 2016 Accelerated Designs. All rights reserved"; VariantName = "[No Variations]"
Add component (AddParameter): Name = "Manufacturer_Part_Number"; Value = "stm32f042gxu"; VariantName = "[No Variations]"
Add component (AddParameter): Name = "RefDes"; Value = "RefDes"; VariantName = "[No Variations]"
Add component (AddParameter): Name = "Type"; Value = "Type"; VariantName = "[No Variations]"
Add component (AddParameter): Name = "Value"; Value = "Value"; VariantName = "[No Variations]"
Add component (AddParameter): Name = "Vendor"; Value = "STMicroelectronics"; VariantName = "[No Variations]"
Added Component: Designator=U2(LGA-16)
Added Component: Designator=U3(SOT-23-3)
Added Component: Designator=U4(SOT-23-5 L)
Added Component: Designator=Y1(NX3225GD)
Add component (AddParameter): Name = "LatestRevisionDate"; Value = "17-Jul-2002"; VariantName = "[No Variations]"
Add component (AddParameter): Name = "LatestRevisionNote"; Value = "Re-released for DXP Platform."; VariantName = "[No Variations]"
Add component (AddParameter): Name = "PackageDescription"; Value = "Crystal, Thru-Hole; 2 Leads; Body 3.1 x 8.2 mm (Dia.xH)"; VariantName = "[No Variations]"
Add component (AddParameter): Name = "PackageReference"; Value = "R38"; VariantName = "[No Variations]"
Add component (AddParameter): Name = "Published"; Value = "8-Jun-2000"; VariantName = "[No Variations]"
Add component (AddParameter): Name = "Publisher"; Value = "Altium Limited"; VariantName = "[No Variations]"
Added Pin To Net: NetName=NetLED1_1 Pin=LED1-1
Added Pin To Net: NetName=PB1/LED Pin=LED1-2
Added Pin To Net: NetName=NetLED2_1 Pin=LED2-1
Added Pin To Net: NetName=GND Pin=LED2-2
Added Pin To Net: NetName=3V3 Pin=P1-1
Added Pin To Net: NetName=PA13/SWDIO Pin=P1-2
Added Pin To Net: NetName=PA14/SWCLK Pin=P1-3
Added Pin To Net: NetName=GND Pin=P1-4
Added Pin To Net: NetName=NetQ1_1 Pin=Q1-1
Added Pin To Net: NetName=GND Pin=Q1-2
Added Pin To Net: NetName=NetQ1_3 Pin=Q1-3
Added Pin To Net: NetName=3V3 Pin=R1-1
Added Pin To Net: NetName=NetC9_2 Pin=R1-2
Added Pin To Net: NetName=3V3 Pin=R2-1
Added Pin To Net: NetName=NetLED1_1 Pin=R2-2
Added Pin To Net: NetName=NetQ1_3 Pin=R3-1
Added Pin To Net: NetName=HEATE_POWER Pin=R3-2
Added Pin To Net: NetName=NetQ1_3 Pin=R4-1
Added Pin To Net: NetName=HEATE_POWER Pin=R4-2
Added Pin To Net: NetName=NetQ1_3 Pin=R5-1
Added Pin To Net: NetName=HEATE_POWER Pin=R5-2
Added Pin To Net: NetName=NetQ1_3 Pin=R6-1
Added Pin To Net: NetName=HEATE_POWER Pin=R6-2
Added Pin To Net: NetName=NetQ1_3 Pin=R7-1
Added Pin To Net: NetName=HEATE_POWER Pin=R7-2
Added Pin To Net: NetName=NetQ1_3 Pin=R8-1
Added Pin To Net: NetName=HEATE_POWER Pin=R8-2
Added Pin To Net: NetName=NetQ1_3 Pin=R9-1
Added Pin To Net: NetName=HEATE_POWER Pin=R9-2
Added Pin To Net: NetName=NetQ1_3 Pin=R10-1
Added Pin To Net: NetName=HEATE_POWER Pin=R10-2
Added Pin To Net: NetName=NetQ1_1 Pin=R11-1
Added Pin To Net: NetName=PA2/HEATER Pin=R11-2
Added Pin To Net: NetName=3V3 Pin=R12-1
Added Pin To Net: NetName=NetLED2_1 Pin=R12-2
Added Pin To Net: NetName=GND Pin=R13-1
Added Pin To Net: NetName=NetQ1_1 Pin=R13-2
Added Pin To Net: NetName=GND Pin=S1-1
Added Pin To Net: NetName=NetC9_2 Pin=S1-2
Added Pin To Net: NetName=PA10/CAN_TX/USART1_RX Pin=S2-3
Added Pin To Net: NetName=PA9/CAN_RX/USART1_TX Pin=S2-4
Added Pin To Net: NetName=GND Pin=U1-1
Added Pin To Net: NetName=NetC5_2 Pin=U1-2
Added Pin To Net: NetName=NetC7_2 Pin=U1-3
Added Pin To Net: NetName=NetC9_2 Pin=U1-4
Added Pin To Net: NetName=3V3 Pin=U1-5
Added Pin To Net: NetName=PA2/HEATER Pin=U1-8
Added Pin To Net: NetName=PA3/CS_ICM Pin=U1-9
Added Pin To Net: NetName=PA5/SCLK Pin=U1-11
Added Pin To Net: NetName=PA6/MISO Pin=U1-12
Added Pin To Net: NetName=PA7/MOSI Pin=U1-13
Added Pin To Net: NetName=PB1/LED Pin=U1-14
Added Pin To Net: NetName=GND Pin=U1-15
Added Pin To Net: NetName=3V3 Pin=U1-16
Added Pin To Net: NetName=PA9/CAN_RX/USART1_TX Pin=U1-17
Added Pin To Net: NetName=PA10/CAN_TX/USART1_RX Pin=U1-18
Added Pin To Net: NetName=PA13/SWDIO Pin=U1-19
Added Pin To Net: NetName=PA14/SWCLK Pin=U1-20
Added Pin To Net: NetName=3V3_IMU Pin=U2-1
Added Pin To Net: NetName=PA5/SCLK Pin=U2-2
Added Pin To Net: NetName=PA7/MOSI Pin=U2-3
Added Pin To Net: NetName=PA6/MISO Pin=U2-4
Added Pin To Net: NetName=PA3/CS_ICM Pin=U2-5
Added Pin To Net: NetName=GND Pin=U2-8
Added Pin To Net: NetName=GND Pin=U2-9
Added Pin To Net: NetName=GND Pin=U2-10
Added Pin To Net: NetName=GND Pin=U2-11
Added Pin To Net: NetName=GND Pin=U2-12
Added Pin To Net: NetName=GND Pin=U2-13
Added Pin To Net: NetName=NetC4_2 Pin=U2-14
Added Pin To Net: NetName=GND Pin=U2-15
Added Pin To Net: NetName=3V3_IMU Pin=U2-16
Added Pin To Net: NetName=GND Pin=U3-1
Added Pin To Net: NetName=3V3_IMU Pin=U3-2
Added Pin To Net: NetName=5V Pin=U3-3
Added Pin To Net: NetName=5V Pin=U4-1
Added Pin To Net: NetName=GND Pin=U4-2
Added Pin To Net: NetName=5V Pin=U4-3
Added Pin To Net: NetName=NetC15_2 Pin=U4-4
Added Pin To Net: NetName=3V3 Pin=U4-5
Added Pin To Net: NetName=NetC7_2 Pin=Y1-1
Added Pin To Net: NetName=NetC5_2 Pin=Y1-2
Added Member To Class: ClassName=imu Member=Component LED1 LED_RED
Added Member To Class: ClassName=imu Member=Component LED2 LED_GREEN
Added Member To Class: ClassName=imu Member=Component P1 SWD
Added Member To Class: ClassName=imu Member=Component Q1 NMOS
Added Member To Class: ClassName=imu Member=Component R1 10K
Added Member To Class: ClassName=imu Member=Component R2 560
Added Member To Class: ClassName=imu Member=Component R3 300
Added Member To Class: ClassName=imu Member=Component R4 300
Added Member To Class: ClassName=imu Member=Component R5 300
Added Member To Class: ClassName=imu Member=Component R6 300
Added Member To Class: ClassName=imu Member=Component R7 300
Added Member To Class: ClassName=imu Member=Component R8 300
Added Member To Class: ClassName=imu Member=Component R9 300
Added Member To Class: ClassName=imu Member=Component R10 300
Added Member To Class: ClassName=imu Member=Component R11 120
Added Member To Class: ClassName=imu Member=Component R12 560
Added Member To Class: ClassName=imu Member=Component R13 10K
Added Member To Class: ClassName=imu Member=Component S1 KEY
Added Member To Class: ClassName=imu Member=Component S2 SW_DIP2
Added Member To Class: ClassName=imu Member=Component U1 STM32F042FxP6
Added Member To Class: ClassName=imu Member=Component U2 ICM20602
Added Member To Class: ClassName=imu Member=Component U3 LDO_SOT23-3
Added Member To Class: ClassName=imu Member=Component U4 LDO_SOT23-5
Added Member To Class: ClassName=imu Member=Component Y1 8MHZ
