Added Component: Designator=LED1(0603LED_R)
Added Component: Designator=LED2(0603LED_R)
Added Component: Designator=P1(A1.25WF-4P)
Added Component: Designator=Q1(SOT-23-3)
Added Component: Designator=R1(0603R)
Added Component: Designator=R2(0603R)
Added Component: Designator=R3(0603R)
Added Component: Designator=R4(0603R)
Added Component: Designator=R5(0603R)
Added Component: Designator=R6(0603R)
Added Component: Designator=R7(0603R)
Added Component: Designator=R8(0603R)
Added Component: Designator=R9(0603R)
Added Component: Designator=R10(0603R)
Added Component: Designator=R11(0603R)
Added Component: Designator=R12(0603R)
Added Component: Designator=R13(0603R)
Added Component: Designator=S1(SW 3mmx4mm)
Added Component: Designator=S2(SW_DIP_2x2)
Added Component: Designator=U1(TSSOP20)
Added Component: Designator=U2(LGA-16)
Added Component: Designator=U3(SOT-23-3)
Added Component: Designator=U4(SOT-23-5 L)
Added Component: Designator=Y1(NX3225GD)
Change Net Name : Old Net Name=3 New Net Name=PB1/LED
Added Net: Name=PA2/HEATER
