Added Component: Designator=Q1(SOT-23-3)
Added Component: Designator=R1(0603R)
Added Component: Designator=R2(0603R)
Added Component: Designator=R3(0603R)
Added Component: Designator=R5(0603R)
Added Component: Designator=R6(0603R)
Added Component: Designator=R7(0603R)
Added Component: Designator=R8(0603R)
Added Component: Designator=R10(0402R)
Added Component: Designator=R11(0402R)
Added Component: Designator=R14(0603R)
Added Component: Designator=R15(0603R)
Added Component: Designator=S1(SW 3mmx4mm)
Added Component: Designator=U1(TSSOP20)
Added Component: Designator=U3(SOT-23-3)
Added Pin To Net: NetName=3V3_ICM Pin=C1-2
Added Pin To Net: NetName=3V3_ICM Pin=C2-2
Added Pin To Net: NetName=3V3_ICM Pin=C3-1
Added Pin To Net: NetName=3V3_ICM Pin=U2-1
Added Pin To Net: NetName=3V3_ICM Pin=U2-16
Added Net: Name=3V3_ICM
Added Pin To Net: NetName=3V3 Pin=C6-2
Added Pin To Net: NetName=3V3 Pin=C14-2
Added Pin To Net: NetName=3V3 Pin=C16-1
Added Pin To Net: NetName=3V3 Pin=P1-1
Added Pin To Net: NetName=3V3 Pin=R9-2
Added Pin To Net: NetName=3V3 Pin=R12-2
Added Pin To Net: NetName=3V3 Pin=R13-2
Added Pin To Net: NetName=3V3 Pin=U4-5
Added Pin To Net: NetName=3V3 Pin=U5-3
Added Net: Name=3V3
Added Pin To Net: NetName=5V Pin=C4-1
Added Pin To Net: NetName=5V Pin=C9-2
Added Pin To Net: NetName=5V Pin=C13-1
Added Pin To Net: NetName=5V Pin=L1-1
Added Pin To Net: NetName=5V Pin=P2-1
Added Pin To Net: NetName=5V Pin=U4-1
Added Pin To Net: NetName=5V Pin=U4-3
Added Net: Name=5V
Added Pin To Net: NetName=CAN1_H/USART1_TX Pin=P2-3
Added Pin To Net: NetName=CAN1_H/USART1_TX Pin=S2-4
Added Pin To Net: NetName=CAN1_H/USART1_TX Pin=U5-7
Added Net: Name=CAN1_H/USART1_TX
Added Pin To Net: NetName=CAN1_L/USART1_RX Pin=P2-4
Added Pin To Net: NetName=CAN1_L/USART1_RX Pin=S2-3
Added Pin To Net: NetName=CAN1_L/USART1_RX Pin=S3-2
Added Pin To Net: NetName=CAN1_L/USART1_RX Pin=U5-6
Added Net: Name=CAN1_L/USART1_RX
Added Pin To Net: NetName=GND Pin=C1-1
Added Pin To Net: NetName=GND Pin=C2-1
Added Pin To Net: NetName=GND Pin=C3-2
Added Pin To Net: NetName=GND Pin=C4-2
Added Pin To Net: NetName=GND Pin=C5-2
Added Pin To Net: NetName=GND Pin=C6-1
Added Pin To Net: NetName=GND Pin=C7-2
Added Pin To Net: NetName=GND Pin=C8-1
Added Pin To Net: NetName=GND Pin=C9-1
Added Pin To Net: NetName=GND Pin=C10-1
Added Pin To Net: NetName=GND Pin=C11-1
Added Pin To Net: NetName=GND Pin=C12-2
Added Pin To Net: NetName=GND Pin=C13-2
Added Pin To Net: NetName=GND Pin=C14-1
Added Pin To Net: NetName=GND Pin=C15-1
Added Pin To Net: NetName=GND Pin=C16-2
Added Pin To Net: NetName=GND Pin=L2-1
Added Pin To Net: NetName=GND Pin=L2-2
Added Pin To Net: NetName=GND Pin=P1-4
Added Pin To Net: NetName=GND Pin=P2-2
Added Pin To Net: NetName=GND Pin=PWR1-2
Added Pin To Net: NetName=GND Pin=U2-8
Added Pin To Net: NetName=GND Pin=U2-9
Added Pin To Net: NetName=GND Pin=U2-10
Added Pin To Net: NetName=GND Pin=U2-11
Added Pin To Net: NetName=GND Pin=U2-12
Added Pin To Net: NetName=GND Pin=U2-13
Added Pin To Net: NetName=GND Pin=U2-15
Added Pin To Net: NetName=GND Pin=U4-2
Added Pin To Net: NetName=GND Pin=U5-2
Added Pin To Net: NetName=GND Pin=U5-8
Added Net: Name=GND
Added Pin To Net: NetName=HEATE_POWER Pin=C10-2
Added Pin To Net: NetName=HEATE_POWER Pin=C11-2
Added Pin To Net: NetName=HEATE_POWER Pin=L1-2
Added Pin To Net: NetName=HEATE_POWER Pin=R4-1
Added Net: Name=HEATE_POWER
Added Pin To Net: NetName=NetC5_1 Pin=C5-1
Added Pin To Net: NetName=NetC5_1 Pin=U2-14
Added Net: Name=NetC5_1
Added Pin To Net: NetName=NetC7_1 Pin=C7-1
Added Pin To Net: NetName=NetC7_1 Pin=Y1-2
Added Net: Name=NetC7_1
Added Pin To Net: NetName=NetC8_2 Pin=C8-2
Added Pin To Net: NetName=NetC8_2 Pin=Y1-1
Added Net: Name=NetC8_2
Added Pin To Net: NetName=NetC12_1 Pin=C12-1
Added Pin To Net: NetName=NetC12_1 Pin=R9-1
Added Net: Name=NetC12_1
Added Pin To Net: NetName=NetC15_2 Pin=C15-2
Added Pin To Net: NetName=NetC15_2 Pin=U4-4
Added Net: Name=NetC15_2
Added Pin To Net: NetName=NetLED1_1 Pin=LED1-1
Added Pin To Net: NetName=NetLED1_1 Pin=R12-1
Added Net: Name=NetLED1_1
Added Pin To Net: NetName=NetPWR1_1 Pin=PWR1-1
Added Pin To Net: NetName=NetPWR1_1 Pin=R13-1
Added Net: Name=NetPWR1_1
Added Net: Name=NetQ1_1
Added Pin To Net: NetName=NetQ1_3 Pin=R4-2
Added Net: Name=NetQ1_3
Added Pin To Net: NetName=NetR15_1 Pin=S3-1
Added Net: Name=NetR15_1
Added Net: Name=PA2/HEATER
Added Pin To Net: NetName=PA3/CS_ICM Pin=U2-5
Added Net: Name=PA3/CS_ICM
Added Pin To Net: NetName=PA5/SCLK Pin=U2-2
Added Net: Name=PA5/SCLK
Added Pin To Net: NetName=PA6/MISO Pin=U2-4
Added Net: Name=PA6/MISO
Added Pin To Net: NetName=PA7/MOSI Pin=U2-3
Added Net: Name=PA7/MOSI
Added Pin To Net: NetName=PA9/CAN_RX/USART1_TX Pin=S2-1
Added Pin To Net: NetName=PA9/CAN_RX/USART1_TX Pin=U5-4
Added Net: Name=PA9/CAN_RX/USART1_TX
Added Pin To Net: NetName=PA10/CAN_TX/USART1_RX Pin=S2-2
Added Pin To Net: NetName=PA10/CAN_TX/USART1_RX Pin=U5-1
Added Net: Name=PA10/CAN_TX/USART1_RX
Added Pin To Net: NetName=PA13/SWDIO Pin=P1-2
Added Net: Name=PA13/SWDIO
Added Pin To Net: NetName=PA14/SWCLK Pin=P1-3
Added Net: Name=PA14/SWCLK
Added Pin To Net: NetName=PB1/LED Pin=LED1-2
Added Net: Name=PB1/LED
Added Class: Name=ICM
