Added Component: Designator=C1(0402C)
Added Component: Designator=C2(0402C)
Added Component: Designator=C3(0402C)
Added Component: Designator=C4(0402C)
Added Component: Designator=C5(0402C)
Added Component: Designator=C6(0603C)
Added Component: Designator=C7(0402)
Added Component: Designator=C8(0402)
Added Component: Designator=C9(0805c)
Added Component: Designator=C10(0805c)
Added Component: Designator=C11(0603C)
Added Component: Designator=C12(0603C)
Added Component: Designator=C13(0603C)
Added Component: Designator=C14(0603C)
Added Component: Designator=C15(0603C)
Added Component: Designator=C16(0603C)
Added Component: Designator=L1(0603)
Added Component: Designator=L2(0603)
Added Component: Designator=LED1(0603LED_B)
Added Component: Designator=P1(A1.25WF-4P)
Added Component: Designator=P2(HY2.00MM 4X1 SMT)
Added Component: Designator=PWR1(0603LED_R)
Added Component: Designator=Q1(SOT-23-3)
Added Component: Designator=R1(0603R)
Added Component: Designator=R2(0603R)
Added Component: Designator=R3(0603R)
Added Component: Designator=R4(0603R)
Added Component: Designator=R5(0603R)
Added Component: Designator=R6(0603R)
Added Component: Designator=R7(0603R)
Added Component: Designator=R8(0603R)
Added Component: Designator=R9(0603R)
Added Component: Designator=R10(0402R)
Added Component: Designator=R11(0402R)
Added Component: Designator=R12(0603R)
Added Component: Designator=R13(0603R)
Added Component: Designator=R14(0603R)
Added Component: Designator=R15(0603R)
Added Component: Designator=S1(SW 3mmx4mm)
Added Component: Designator=S2(SW_DIP_2x2)
Added Component: Designator=S3(MSK-12C01-07)
Added Component: Designator=U1(TSSOP20)
Added Component: Designator=U2(LGA-16)
Added Component: Designator=U3(SOT-23-3)
Added Component: Designator=U4(SOT-23-5 L)
Added Component: Designator=U5(SOT-23-8)
Added Component: Designator=Y1(NX3225GD)
Added Room: Name=ICM
