Added Component: Designator=LED1(0603LED_B)
Add component (AddParameter): Name = "LatestRevisionDate"; Value = "17-Jul-2002"; VariantName = "[No Variations]"
Add component (AddParameter): Name = "LatestRevisionNote"; Value = "Re-released for DXP Platform."; VariantName = "[No Variations]"
Add component (AddParameter): Name = "PackageDescription"; Value = "SM LED; 2 Flat Leads"; VariantName = "[No Variations]"
Add component (AddParameter): Name = "PackageReference"; Value = "3.2X1.6X1.1"; VariantName = "[No Variations]"
Add component (AddParameter): Name = "PackageVersion"; Value = "Feb-2002"; VariantName = "[No Variations]"
Add component (AddParameter): Name = "Published"; Value = "8-Jun-2000"; VariantName = "[No Variations]"
Add component (AddParameter): Name = "Publisher"; Value = "Altium Limited"; VariantName = "[No Variations]"
Added Component: Designator=P1(A1.25WF-4P)
Added Component: Designator=P2(HY2.00MM 4X1 SMT)
Added Component: Designator=R4(0603R)
Add component (AddParameter): Name = "LatestRevisionDate"; Value = "17-Jul-2002"; VariantName = "[No Variations]"
Add component (AddParameter): Name = "LatestRevisionNote"; Value = "Re-released for DXP Platform."; VariantName = "[No Variations]"
Add component (AddParameter): Name = "PackageDescription"; Value = "Axial Device, Thru-Hole; 2 Leads; 0.3 in Pin Spacing"; VariantName = "[No Variations]"
Add component (AddParameter): Name = "PackageReference"; Value = "AXIAL-0.3"; VariantName = "[No Variations]"
Add component (AddParameter): Name = "Published"; Value = "8-Jun-2000"; VariantName = "[No Variations]"
Add component (AddParameter): Name = "Publisher"; Value = "Altium Limited"; VariantName = "[No Variations]"
Add component (AddParameter): Name = "Value"; Value = "1K"; VariantName = "[No Variations]"
Added Component: Designator=U2(LGA-16)
Added Pin To Net: NetName=NetLED1_1 Pin=LED1-1
Added Pin To Net: NetName=PB1/LED Pin=LED1-2
Added Pin To Net: NetName=3V3 Pin=P1-1
Added Pin To Net: NetName=PA13/SWDIO Pin=P1-2
Added Pin To Net: NetName=PA14/SWCLK Pin=P1-3
Added Pin To Net: NetName=GND Pin=P1-4
Added Pin To Net: NetName=5V Pin=P2-1
Added Pin To Net: NetName=GND Pin=P2-2
Added Pin To Net: NetName=CAN1_H/USART1_TX Pin=P2-3
Added Pin To Net: NetName=CAN1_L/USART1_RX Pin=P2-4
Added Pin To Net: NetName=HEATE_POWER Pin=R4-1
Added Pin To Net: NetName=NetQ1_3 Pin=R4-2
Added Pin To Net: NetName=3V3_ICM Pin=U2-1
Added Pin To Net: NetName=PA5/SCLK Pin=U2-2
Added Pin To Net: NetName=PA7/MOSI Pin=U2-3
Added Pin To Net: NetName=PA6/MISO Pin=U2-4
Added Pin To Net: NetName=PA3/CS_ICM Pin=U2-5
Added Pin To Net: NetName=GND Pin=U2-8
Added Pin To Net: NetName=GND Pin=U2-9
Added Pin To Net: NetName=GND Pin=U2-10
Added Pin To Net: NetName=GND Pin=U2-11
Added Pin To Net: NetName=GND Pin=U2-12
Added Pin To Net: NetName=GND Pin=U2-13
Added Pin To Net: NetName=NetC5_1 Pin=U2-14
Added Pin To Net: NetName=GND Pin=U2-15
Added Pin To Net: NetName=3V3_ICM Pin=U2-16
Added Member To Class: ClassName=ICM Member=Component LED1 LED_RED
Added Member To Class: ClassName=ICM Member=Component P1 SWD
Added Member To Class: ClassName=ICM Member=Component P2 CAN_4pin
Added Member To Class: ClassName=ICM Member=Component R4 300R
Added Member To Class: ClassName=ICM Member=Component U2 ICM20602
