Removed Pin From Net: NetName=3V3 Pin=C6-1
Removed Pin From Net: NetName=GND Pin=C6-2
Removed Pin From Net: NetName=PA5/SCLK Pin=U2-4
Removed Pin From Net: NetName=PA7/MOSI Pin=U2-5
Removed Pin From Net: NetName=PA6/MISO Pin=U2-6
Removed Pin From Net: NetName=3V3 Pin=U2-7
Removed Pin From Net: NetName=GND Pin=U2-13
Removed Pin From Net: NetName=GND Pin=U2-15
Removed Pin From Net: NetName=3V3 Pin=U2-16
Change Component Comment : Designator=C6 Old Comment=2.2uF New Comment=100nF
Change Component Comment : Designator=U2 Old Comment=AK8975 New Comment=IST8310
Added Pin To Net: NetName=GND Pin=C6-1
Added Pin To Net: NetName=3V3 Pin=C6-2
Added Pin To Net: NetName=3V3 Pin=U2-2
Added Pin To Net: NetName=GND Pin=U2-3
Added Pin To Net: NetName=GND Pin=U2-9
Added Pin To Net: NetName=3V3 Pin=U2-13
Added Pin To Net: NetName=NetC8_2 Pin=U2-10
Added Net: Name=NetC8_2
Added Pin To Net: NetName=PA2/SDA Pin=P2-4
Added Pin To Net: NetName=PA2/SDA Pin=U2-16
Added Net: Name=PA2/SDA
Added Pin To Net: NetName=PA4/SCL Pin=P1-5
Added Pin To Net: NetName=PA4/SCL Pin=U2-1
Added Net: Name=PA4/SCL
